[2024-05-08 15:13:58,243][INFO] Start to run 1/2 test suite: ethernet-enP1p129s0f0.
[2024-05-08 15:14:02,935][INFO] End to run 1/2 test suite: ethernet-enP1p129s0f0.
[2024-05-08 15:14:02,936][ERROR] Test ethernet failed.
[2024-05-08 15:14:02,938][INFO] Start to run 2/2 test suite: system.
[2024-05-08 15:14:03,243][INFO] End to run 2/2 test suite: system.
[2024-05-08 15:14:03,244][ERROR] Test system failed.
[2024-05-08 15:14:03,245][INFO] There is no cert device need to export.
