[2024-05-08 16:47:34,392][INFO] Start to run 1/2 test suite: ethernet-enP2p197s0.
[2024-05-08 16:47:37,758][INFO] End to run 1/2 test suite: ethernet-enP2p197s0.
[2024-05-08 16:47:37,759][ERROR] Test ethernet failed.
[2024-05-08 16:47:37,761][INFO] Start to run 2/2 test suite: system.
[2024-05-08 16:47:38,055][INFO] End to run 2/2 test suite: system.
[2024-05-08 16:47:38,057][ERROR] Test system failed.
[2024-05-08 16:47:38,058][INFO] There is no cert device need to export.
