[2024-05-08 19:17:57,194][INFO] Start to install required packages: spdk
[2024-05-08 19:17:57,195][INFO] The command is: yum install -y spdk.
[2024-05-08 19:18:05,313][INFO] Execute command yum install -y spdk succeed.
 Last metadata expiration check: 2:01:08 ago on Wed 08 May 2024 05:16:51 PM CST.
Dependencies resolved.
================================================================================
 Package               Architecture   Version                   Repo       Size
================================================================================
Installing:
 spdk                  riscv64        24.01-4.oe2403            OS        1.1 M
Installing dependencies:
 CUnit                 riscv64        2.1.3-24.oe2403           OS         91 k
 fuse3                 riscv64        3.16.2-1.oe2403           OS        113 k
 libboundscheck        riscv64        v1.1.11-6.oe2403          OS         43 k
 libiscsi              riscv64        1.19.0-10.oe2403          OS         87 k
Installing weak dependencies:
 fuse3-help            riscv64        3.16.2-1.oe2403           OS         13 k
 libiscsi-utils        riscv64        1.19.0-10.oe2403          OS        165 k

Transaction Summary
================================================================================
Install  7 Packages

Total download size: 1.6 M
Installed size: 5.0 M
Downloading Packages:
(1/7): fuse3-help-3.16.2-1.oe2403.riscv64.rpm    47 kB/s |  13 kB     00:00    
(2/7): fuse3-3.16.2-1.oe2403.riscv64.rpm        313 kB/s | 113 kB     00:00    
(3/7): CUnit-2.1.3-24.oe2403.riscv64.rpm        241 kB/s |  91 kB     00:00    
(4/7): libboundscheck-v1.1.11-6.oe2403.riscv64. 409 kB/s |  43 kB     00:00    
(5/7): libiscsi-utils-1.19.0-10.oe2403.riscv64. 2.0 MB/s | 165 kB     00:00    
(6/7): libiscsi-1.19.0-10.oe2403.riscv64.rpm    815 kB/s |  87 kB     00:00    
(7/7): spdk-24.01-4.oe2403.riscv64.rpm          3.9 MB/s | 1.1 MB     00:00    
--------------------------------------------------------------------------------
Total                                           2.3 MB/s | 1.6 MB     00:00     
Running transaction check
Transaction check succeeded.
Running transaction test
Transaction test succeeded.
Running transaction
  Preparing        :                                                        1/1 
  Running scriptlet: CUnit-2.1.3-24.oe2403.riscv64                          1/7 
  Installing       : CUnit-2.1.3-24.oe2403.riscv64                          1/7 
  Installing       : libiscsi-1.19.0-10.oe2403.riscv64                      2/7 
  Running scriptlet: libiscsi-1.19.0-10.oe2403.riscv64                      2/7 
  Installing       : libiscsi-utils-1.19.0-10.oe2403.riscv64                3/7 
  Installing       : libboundscheck-v1.1.11-6.oe2403.riscv64                4/7 
  Running scriptlet: libboundscheck-v1.1.11-6.oe2403.riscv64                4/7 
  Installing       : fuse3-help-3.16.2-1.oe2403.riscv64                     5/7 
  Installing       : fuse3-3.16.2-1.oe2403.riscv64                          6/7 
  Running scriptlet: fuse3-3.16.2-1.oe2403.riscv64                          6/7 
  Installing       : spdk-24.01-4.oe2403.riscv64                            7/7 
  Running scriptlet: spdk-24.01-4.oe2403.riscv64                            7/7 
  Verifying        : CUnit-2.1.3-24.oe2403.riscv64                          1/7 
  Verifying        : fuse3-3.16.2-1.oe2403.riscv64                          2/7 
  Verifying        : fuse3-help-3.16.2-1.oe2403.riscv64                     3/7 
  Verifying        : libboundscheck-v1.1.11-6.oe2403.riscv64                4/7 
  Verifying        : libiscsi-1.19.0-10.oe2403.riscv64                      5/7 
  Verifying        : libiscsi-utils-1.19.0-10.oe2403.riscv64                6/7 
  Verifying        : spdk-24.01-4.oe2403.riscv64                            7/7 

Installed:
  CUnit-2.1.3-24.oe2403.riscv64        fuse3-3.16.2-1.oe2403.riscv64            
  fuse3-help-3.16.2-1.oe2403.riscv64   libboundscheck-v1.1.11-6.oe2403.riscv64  
  libiscsi-1.19.0-10.oe2403.riscv64    libiscsi-utils-1.19.0-10.oe2403.riscv64  
  spdk-24.01-4.oe2403.riscv64         

Complete!

[2024-05-08 19:18:05,338][INFO] Start to run 1/2 test suite: spdk-nvme0n1.
[2024-05-08 19:18:05,342][INFO] End to run 1/2 test suite: spdk-nvme0n1.
[2024-05-08 19:18:05,343][ERROR] Test spdk failed.
[2024-05-08 19:18:05,344][INFO] Start to run 2/2 test suite: system.
[2024-05-08 19:18:05,646][INFO] End to run 2/2 test suite: system.
[2024-05-08 19:18:05,647][ERROR] Test system failed.
[2024-05-08 19:18:05,648][INFO] There is no cert device need to export.
